e00	3395	1	2022-07-13T05:30:00.000000Z GET / front-app.front:4000(200)|author-app.author:4000(200)|
e01	3180	1	2022-07-13T05:00:00.000000Z GET / front-app.front:4000(200)|author-app.author:4000(200)|
e02	1698	1	2022-07-13T05:30:00.000000Z GET / front-app.front:4000(200)|fulltext-app.fulltext:4000(200)|
e03	1697	1	2022-07-13T05:30:00.000000Z GET / front-app.front:4000(200)|stats-app.stats:4000(200)|
e04	1696	1	2022-07-13T05:30:00.000000Z GET / front-app.front:4000(200)|paper-app.paper:4000(200)|
e05	1590	1	2022-07-13T05:00:00.000000Z GET / front-app.front:4000(200)|stats-app.stats:4000(200)|
e06	1590	1	2022-07-13T05:00:00.000000Z GET / front-app.front:4000(200)|paper-app.paper:4000(200)|
e07	1590	1	2022-07-13T05:00:00.000000Z GET / front-app.front:4000(200)|fulltext-app.fulltext:4000(200)|
e08	6	1	2022-07-13T05:00:00.000000Z GET / front-app.front:4000(200)|
e09	4	1	2022-07-13T05:30:00.000000Z GET / front-app.front:4000(200)|
e10	4	1	2022-07-13T05:30:00.000000Z HEAD / front-app.front:4000(405)|
e11	4	1	2022-07-13T05:00:00.000000Z HEAD / front-app.front:4000(405)|
e12	2	1	2022-07-13T05:30:00.000000Z GET /paper/115617bd-1326-4a95-80f2-cc6d87a97e36/download front-app.front:4000(404)|paper-app.paper:4000(404)|
e13	2	1	2022-07-13T05:30:00.000000Z GET /paper/115617bd-1326-4a95-80f2-cc6d87a97e36/download front-app.front:4000(404)|stats-app.stats:4000(200)|
e14	2	1	2022-07-13T05:30:00.000000Z GET /paper/9549f24f-ea06-4376-842d-95e561191f22/download front-app.front:4000(200)|stats-app.stats:4000(200)|
e15	2	1	2022-07-13T05:30:00.000000Z GET /paper/9549f24f-ea06-4376-842d-95e561191f22/download front-app.front:4000(200)|paper-app.paper:4000(200)|
e16	2	1	2022-07-13T05:00:00.000000Z GET /paper/767a212f-7e0b-42ea-be75-d84d91e19fe1/download front-app.front:4000(404)|paper-app.paper:4000(404)|
e17	2	1	2022-07-13T05:00:00.000000Z GET /paper/767a212f-7e0b-42ea-be75-d84d91e19fe1/download front-app.front:4000(404)|stats-app.stats:4000(200)|
e18	2	1	2022-07-13T05:00:00.000000Z GET /paper/baf477a2-d7c2-458f-be7d-cb21232b0277 front-app.front:4000(404)|fulltext-app.fulltext:4000(200)|
e19	2	1	2022-07-13T05:00:00.000000Z GET /paper/baf477a2-d7c2-458f-be7d-cb21232b0277 front-app.front:4000(404)|author-app.author:4000(200)|
e20	2	1	2022-07-13T05:00:00.000000Z GET /paper/baf477a2-d7c2-458f-be7d-cb21232b0277 front-app.front:4000(404)|thumbnail-app.thumbnail:4000(0)|
e21	2	1	2022-07-13T05:00:00.000000Z GET /paper/baf477a2-d7c2-458f-be7d-cb21232b0277 front-app.front:4000(404)|stats-app.stats:4000(200)|
e22	2	1	2022-07-13T05:00:00.000000Z GET /paper/baf477a2-d7c2-458f-be7d-cb21232b0277 front-app.front:4000(404)|paper-app.paper:4000(404)|
e23	2	1	2022-07-13T05:00:00.000000Z GET / front-app.front:4000(200)|paper-app.paper:4000(404)|
e24	1	1	2022-07-13T05:30:00.000000Z GET /paper/115617bd-1326-4a95-80f2-cc6d87a97e36/download front-app.front:4000(404)|
e25	1	1	2022-07-13T05:30:00.000000Z POST /vendor/phpunit/phpunit/src/Util/PHP/eval-stdin.php front-app.front:4000(404)|
e26	1	1	2022-07-13T05:30:00.000000Z GET /robots.txt front-app.front:4000(404)|
e27	1	1	2022-07-13T05:30:00.000000Z GET /favicon.ico front-app.front:4000(404)|
e28	1	1	2022-07-13T05:30:00.000000Z GET /paper/9549f24f-ea06-4376-842d-95e561191f22/download front-app.front:4000(200)|
e29	1	1	2022-07-13T05:00:00.000000Z GET /paper/767a212f-7e0b-42ea-be75-d84d91e19fe1/download front-app.front:4000(404)|
e30	1	1	2022-07-13T05:00:00.000000Z GET /paper/baf477a2-d7c2-458f-be7d-cb21232b0277 front-app.front:4000(404)|
e31	1	1	2022-07-13T05:00:00.000000Z GET /owa/auth/logon.aspx front-app.front:4000(404)|
e32	1	1	2022-07-13T05:00:00.000000Z GET /ecp/Current/exporttool/microsoft.exchange.ediscovery.exporttool.application front-app.front:4000(404)|
e33	1	1	2022-07-13T05:00:00.000000Z GET /owa/auth/x.js front-app.front:4000(404)|
