3395	2022-07-13T05:30:00.000000Z GET / front-app.front:4000(200)|author-app.author:4000(200)|
3180	2022-07-13T05:00:00.000000Z GET / front-app.front:4000(200)|author-app.author:4000(200)|
1698	2022-07-13T05:30:00.000000Z GET / front-app.front:4000(200)|fulltext-app.fulltext:4000(200)|
1697	2022-07-13T05:30:00.000000Z GET / front-app.front:4000(200)|stats-app.stats:4000(200)|
1696	2022-07-13T05:30:00.000000Z GET / front-app.front:4000(200)|paper-app.paper:4000(200)|
1590	2022-07-13T05:00:00.000000Z GET / front-app.front:4000(200)|stats-app.stats:4000(200)|
1590	2022-07-13T05:00:00.000000Z GET / front-app.front:4000(200)|paper-app.paper:4000(200)|
1590	2022-07-13T05:00:00.000000Z GET / front-app.front:4000(200)|fulltext-app.fulltext:4000(200)|
6	2022-07-13T05:00:00.000000Z GET / front-app.front:4000(200)|
4	2022-07-13T05:30:00.000000Z GET / front-app.front:4000(200)|
4	2022-07-13T05:30:00.000000Z HEAD / front-app.front:4000(405)|
4	2022-07-13T05:00:00.000000Z HEAD / front-app.front:4000(405)|
2	2022-07-13T05:30:00.000000Z GET /paper/115617bd-1326-4a95-80f2-cc6d87a97e36/download front-app.front:4000(404)|paper-app.paper:4000(404)|
2	2022-07-13T05:30:00.000000Z GET /paper/115617bd-1326-4a95-80f2-cc6d87a97e36/download front-app.front:4000(404)|stats-app.stats:4000(200)|
2	2022-07-13T05:30:00.000000Z GET /paper/9549f24f-ea06-4376-842d-95e561191f22/download front-app.front:4000(200)|stats-app.stats:4000(200)|
2	2022-07-13T05:30:00.000000Z GET /paper/9549f24f-ea06-4376-842d-95e561191f22/download front-app.front:4000(200)|paper-app.paper:4000(200)|
2	2022-07-13T05:00:00.000000Z GET /paper/767a212f-7e0b-42ea-be75-d84d91e19fe1/download front-app.front:4000(404)|paper-app.paper:4000(404)|
2	2022-07-13T05:00:00.000000Z GET /paper/767a212f-7e0b-42ea-be75-d84d91e19fe1/download front-app.front:4000(404)|stats-app.stats:4000(200)|
2	2022-07-13T05:00:00.000000Z GET /paper/baf477a2-d7c2-458f-be7d-cb21232b0277 front-app.front:4000(404)|fulltext-app.fulltext:4000(200)|
2	2022-07-13T05:00:00.000000Z GET /paper/baf477a2-d7c2-458f-be7d-cb21232b0277 front-app.front:4000(404)|author-app.author:4000(200)|
2	2022-07-13T05:00:00.000000Z GET /paper/baf477a2-d7c2-458f-be7d-cb21232b0277 front-app.front:4000(404)|thumbnail-app.thumbnail:4000(0)|
2	2022-07-13T05:00:00.000000Z GET /paper/baf477a2-d7c2-458f-be7d-cb21232b0277 front-app.front:4000(404)|stats-app.stats:4000(200)|
2	2022-07-13T05:00:00.000000Z GET /paper/baf477a2-d7c2-458f-be7d-cb21232b0277 front-app.front:4000(404)|paper-app.paper:4000(404)|
2	2022-07-13T05:00:00.000000Z GET / front-app.front:4000(200)|paper-app.paper:4000(404)|
1	2022-07-13T05:30:00.000000Z GET /paper/115617bd-1326-4a95-80f2-cc6d87a97e36/download front-app.front:4000(404)|
1	2022-07-13T05:30:00.000000Z POST /vendor/phpunit/phpunit/src/Util/PHP/eval-stdin.php front-app.front:4000(404)|
1	2022-07-13T05:30:00.000000Z GET /robots.txt front-app.front:4000(404)|
1	2022-07-13T05:30:00.000000Z GET /favicon.ico front-app.front:4000(404)|
1	2022-07-13T05:30:00.000000Z GET /paper/9549f24f-ea06-4376-842d-95e561191f22/download front-app.front:4000(200)|
1	2022-07-13T05:00:00.000000Z GET /paper/767a212f-7e0b-42ea-be75-d84d91e19fe1/download front-app.front:4000(404)|
1	2022-07-13T05:00:00.000000Z GET /paper/baf477a2-d7c2-458f-be7d-cb21232b0277 front-app.front:4000(404)|
1	2022-07-13T05:00:00.000000Z GET /owa/auth/logon.aspx front-app.front:4000(404)|
1	2022-07-13T05:00:00.000000Z GET /ecp/Current/exporttool/microsoft.exchange.ediscovery.exporttool.application front-app.front:4000(404)|
1	2022-07-13T05:00:00.000000Z GET /owa/auth/x.js front-app.front:4000(404)|
