e00	3056	1	2022-07-13T03:00:00.000000Z GET / front-app.front:4000(200)|author-app.author:4000(200)|
e01	1528	1	2022-07-13T03:00:00.000000Z GET / front-app.front:4000(200)|fulltext-app.fulltext:4000(200)|
e02	1528	1	2022-07-13T03:00:00.000000Z GET / front-app.front:4000(200)|stats-app.stats:4000(200)|
e03	1528	1	2022-07-13T03:00:00.000000Z GET / front-app.front:4000(200)|paper-app.paper:4000(200)|
e04	1292	1	2022-07-13T03:30:00.000000Z GET / front-app.front:4000(200)|author-app.author:4000(200)|
e05	646	1	2022-07-13T03:30:00.000000Z GET / front-app.front:4000(200)|stats-app.stats:4000(200)|
e06	646	1	2022-07-13T03:30:00.000000Z GET / front-app.front:4000(200)|fulltext-app.fulltext:4000(200)|
e07	646	1	2022-07-13T03:30:00.000000Z GET / front-app.front:4000(200)|paper-app.paper:4000(200)|
e08	4	1	2022-07-13T03:00:00.000000Z GET / front-app.front:4000(200)|
e09	4	1	2022-07-13T03:00:00.000000Z HEAD / front-app.front:4000(405)|
e10	3	1	2022-07-13T03:30:00.000000Z GET / front-app.front:4000(200)|
e11	2	1	2022-07-13T03:30:00.000000Z HEAD / front-app.front:4000(405)|
e12	2	1	2022-07-13T03:00:00.000000Z GET /paper/115617bd-1326-4a95-80f2-cc6d87a97e36/download front-app.front:4000(404)|stats-app.stats:4000(200)|
e13	2	1	2022-07-13T03:00:00.000000Z GET /paper/115617bd-1326-4a95-80f2-cc6d87a97e36/download front-app.front:4000(404)|paper-app.paper:4000(404)|
e14	2	1	2022-07-13T03:00:00.000000Z GET /thumbnail/c743804f-1923-46ac-a226-3e93bc8c2a7d/4-0 front-app.front:4000(200)|thumbnail-app.thumbnail:4000(200)|
e15	2	1	2022-07-13T03:00:00.000000Z GET /paper/767a212f-7e0b-42ea-be75-d84d91e19fe1/download front-app.front:4000(404)|stats-app.stats:4000(200)|
e16	2	1	2022-07-13T03:00:00.000000Z GET /paper/767a212f-7e0b-42ea-be75-d84d91e19fe1/download front-app.front:4000(404)|paper-app.paper:4000(404)|
e17	1	1	2022-07-13T03:00:00.000000Z GET /paper/115617bd-1326-4a95-80f2-cc6d87a97e36/download front-app.front:4000(404)|
e18	1	1	2022-07-13T03:00:00.000000Z GET /thumbnail/c743804f-1923-46ac-a226-3e93bc8c2a7d/4-0 front-app.front:4000(200)|
e19	1	1	2022-07-13T03:00:00.000000Z GET /robots.txt front-app.front:4000(404)|
e20	1	1	2022-07-13T03:00:00.000000Z GET /paper/767a212f-7e0b-42ea-be75-d84d91e19fe1/download front-app.front:4000(404)|
