3395	2022-07-13T05:30:00.000000Z front-app.front:4000(200)|author-app.author:4000(200)|
3180	2022-07-13T05:00:00.000000Z front-app.front:4000(200)|author-app.author:4000(200)|
1699	2022-07-13T05:30:00.000000Z front-app.front:4000(200)|stats-app.stats:4000(200)|
1698	2022-07-13T05:30:00.000000Z front-app.front:4000(200)|fulltext-app.fulltext:4000(200)|
1698	2022-07-13T05:30:00.000000Z front-app.front:4000(200)|paper-app.paper:4000(200)|
1590	2022-07-13T05:00:00.000000Z front-app.front:4000(200)|stats-app.stats:4000(200)|
1590	2022-07-13T05:00:00.000000Z front-app.front:4000(200)|paper-app.paper:4000(200)|
1590	2022-07-13T05:00:00.000000Z front-app.front:4000(200)|fulltext-app.fulltext:4000(200)|
6	2022-07-13T05:00:00.000000Z front-app.front:4000(200)|
5	2022-07-13T05:30:00.000000Z front-app.front:4000(200)|
5	2022-07-13T05:00:00.000000Z front-app.front:4000(404)|
4	2022-07-13T05:30:00.000000Z front-app.front:4000(405)|
4	2022-07-13T05:30:00.000000Z front-app.front:4000(404)|
4	2022-07-13T05:00:00.000000Z front-app.front:4000(404)|paper-app.paper:4000(404)|
4	2022-07-13T05:00:00.000000Z front-app.front:4000(404)|stats-app.stats:4000(200)|
4	2022-07-13T05:00:00.000000Z front-app.front:4000(405)|
2	2022-07-13T05:30:00.000000Z front-app.front:4000(404)|paper-app.paper:4000(404)|
2	2022-07-13T05:30:00.000000Z front-app.front:4000(404)|stats-app.stats:4000(200)|
2	2022-07-13T05:00:00.000000Z front-app.front:4000(404)|fulltext-app.fulltext:4000(200)|
2	2022-07-13T05:00:00.000000Z front-app.front:4000(404)|author-app.author:4000(200)|
2	2022-07-13T05:00:00.000000Z front-app.front:4000(404)|thumbnail-app.thumbnail:4000(0)|
2	2022-07-13T05:00:00.000000Z front-app.front:4000(200)|paper-app.paper:4000(404)|
