e{i}	3395	1	2022-07-13T05:30:00.000000Z front-app.front:4000(200)|author-app.author:4000(200)|
e{i}	3180	1	2022-07-13T05:00:00.000000Z front-app.front:4000(200)|author-app.author:4000(200)|
e{i}	1699	1	2022-07-13T05:30:00.000000Z front-app.front:4000(200)|stats-app.stats:4000(200)|
e{i}	1698	1	2022-07-13T05:30:00.000000Z front-app.front:4000(200)|fulltext-app.fulltext:4000(200)|
e{i}	1698	1	2022-07-13T05:30:00.000000Z front-app.front:4000(200)|paper-app.paper:4000(200)|
e{i}	1590	1	2022-07-13T05:00:00.000000Z front-app.front:4000(200)|stats-app.stats:4000(200)|
e{i}	1590	1	2022-07-13T05:00:00.000000Z front-app.front:4000(200)|paper-app.paper:4000(200)|
e{i}	1590	1	2022-07-13T05:00:00.000000Z front-app.front:4000(200)|fulltext-app.fulltext:4000(200)|
e{i}	6	1	2022-07-13T05:00:00.000000Z front-app.front:4000(200)|
e{i}	5	1	2022-07-13T05:30:00.000000Z front-app.front:4000(200)|
e{i}	5	1	2022-07-13T05:00:00.000000Z front-app.front:4000(404)|
e{i}	4	1	2022-07-13T05:30:00.000000Z front-app.front:4000(405)|
e{i}	4	1	2022-07-13T05:30:00.000000Z front-app.front:4000(404)|
e{i}	4	1	2022-07-13T05:00:00.000000Z front-app.front:4000(404)|paper-app.paper:4000(404)|
e{i}	4	1	2022-07-13T05:00:00.000000Z front-app.front:4000(404)|stats-app.stats:4000(200)|
e{i}	4	1	2022-07-13T05:00:00.000000Z front-app.front:4000(405)|
e{i}	2	1	2022-07-13T05:30:00.000000Z front-app.front:4000(404)|paper-app.paper:4000(404)|
e{i}	2	1	2022-07-13T05:30:00.000000Z front-app.front:4000(404)|stats-app.stats:4000(200)|
e{i}	2	1	2022-07-13T05:00:00.000000Z front-app.front:4000(404)|fulltext-app.fulltext:4000(200)|
e{i}	2	1	2022-07-13T05:00:00.000000Z front-app.front:4000(404)|author-app.author:4000(200)|
e{i}	2	1	2022-07-13T05:00:00.000000Z front-app.front:4000(404)|thumbnail-app.thumbnail:4000(0)|
e{i}	2	1	2022-07-13T05:00:00.000000Z front-app.front:4000(200)|paper-app.paper:4000(404)|
