e00	3395	1	2022-07-13T05:30:00.000000Z front-app.front:4000(200)|author-app.author:4000(200)|
e01	3180	1	2022-07-13T05:00:00.000000Z front-app.front:4000(200)|author-app.author:4000(200)|
e02	1699	1	2022-07-13T05:30:00.000000Z front-app.front:4000(200)|stats-app.stats:4000(200)|
e03	1698	1	2022-07-13T05:30:00.000000Z front-app.front:4000(200)|fulltext-app.fulltext:4000(200)|
e04	1698	1	2022-07-13T05:30:00.000000Z front-app.front:4000(200)|paper-app.paper:4000(200)|
e05	1590	1	2022-07-13T05:00:00.000000Z front-app.front:4000(200)|stats-app.stats:4000(200)|
e06	1590	1	2022-07-13T05:00:00.000000Z front-app.front:4000(200)|paper-app.paper:4000(200)|
e07	1590	1	2022-07-13T05:00:00.000000Z front-app.front:4000(200)|fulltext-app.fulltext:4000(200)|
e08	6	1	2022-07-13T05:00:00.000000Z front-app.front:4000(200)|
e09	5	1	2022-07-13T05:30:00.000000Z front-app.front:4000(200)|
e10	5	1	2022-07-13T05:00:00.000000Z front-app.front:4000(404)|
e11	4	1	2022-07-13T05:30:00.000000Z front-app.front:4000(405)|
e12	4	1	2022-07-13T05:30:00.000000Z front-app.front:4000(404)|
e13	4	1	2022-07-13T05:00:00.000000Z front-app.front:4000(404)|paper-app.paper:4000(404)|
e14	4	1	2022-07-13T05:00:00.000000Z front-app.front:4000(404)|stats-app.stats:4000(200)|
e15	4	1	2022-07-13T05:00:00.000000Z front-app.front:4000(405)|
e16	2	1	2022-07-13T05:30:00.000000Z front-app.front:4000(404)|paper-app.paper:4000(404)|
e17	2	1	2022-07-13T05:30:00.000000Z front-app.front:4000(404)|stats-app.stats:4000(200)|
e18	2	1	2022-07-13T05:00:00.000000Z front-app.front:4000(404)|fulltext-app.fulltext:4000(200)|
e19	2	1	2022-07-13T05:00:00.000000Z front-app.front:4000(404)|author-app.author:4000(200)|
e20	2	1	2022-07-13T05:00:00.000000Z front-app.front:4000(404)|thumbnail-app.thumbnail:4000(0)|
e21	2	1	2022-07-13T05:00:00.000000Z front-app.front:4000(200)|paper-app.paper:4000(404)|
